<?xml version="1.0" encoding="UTF-8"?>
<testsuite name="com.levelup.forestsandmonsters.GameControllerTest" tests="1" skipped="0" failures="0" errors="0" timestamp="2022-09-14T18:37:25" hostname="f3c17c23c0f6" time="0.004">
  <properties/>
  <testcase name="InitializationCreatesResults" classname="com.levelup.forestsandmonsters.GameControllerTest" time="0.004"/>
  <system-out><![CDATA[]]></system-out>
  <system-err><![CDATA[]]></system-err>
</testsuite>
